  main.cpp
C:\Users\santa\source\repos\Project Noctra\Project Noctra\main.cpp(268,21): warning C4244: 'argument': conversion from 'float' to 'int', possible loss of data
C:\Users\santa\source\repos\Project Noctra\Project Noctra\main.cpp(271,21): warning C4244: 'argument': conversion from 'float' to 'int', possible loss of data
C:\Users\santa\source\repos\Project Noctra\Project Noctra\main.cpp(274,21): warning C4244: 'argument': conversion from 'float' to 'int', possible loss of data
C:\Users\santa\source\repos\Project Noctra\Project Noctra\main.cpp(277,21): warning C4244: 'argument': conversion from 'float' to 'int', possible loss of data
C:\Users\santa\source\repos\Project Noctra\Project Noctra\main.cpp(280,21): warning C4244: 'argument': conversion from 'float' to 'int', possible loss of data
C:\Users\santa\source\repos\Project Noctra\Project Noctra\main.cpp(283,21): warning C4244: 'argument': conversion from 'float' to 'int', possible loss of data
C:\Users\santa\source\repos\Project Noctra\Project Noctra\main.cpp(286,21): warning C4244: 'argument': conversion from 'float' to 'int', possible loss of data
C:\Users\santa\source\repos\Project Noctra\Project Noctra\main.cpp(339,21): warning C4244: 'initializing': conversion from 'double' to 'GLfloat', possible loss of data
C:\Users\santa\source\repos\Project Noctra\Project Noctra\main.cpp(343,26): warning C4244: '=': conversion from 'double' to 'float', possible loss of data
C:\Users\santa\source\repos\Project Noctra\Project Noctra\main.cpp(345,36): warning C4244: '=': conversion from 'double' to 'float', possible loss of data
C:\Users\santa\source\repos\Project Noctra\Project Noctra\main.cpp(347,27): warning C4244: '=': conversion from 'double' to 'float', possible loss of data
C:\Users\santa\source\repos\Project Noctra\Project Noctra\main.cpp(385,15): warning C4244: 'argument': conversion from 'float' to 'int', possible loss of data
C:\Users\santa\source\repos\Project Noctra\Project Noctra\main.cpp(463,48): warning C4244: '=': conversion from 'double' to 'float', possible loss of data
C:\Users\santa\source\repos\Project Noctra\Project Noctra\main.cpp(465,34): warning C4244: '=': conversion from 'double' to 'float', possible loss of data
C:\Users\santa\source\repos\Project Noctra\Project Noctra\main.cpp(485,33): warning C4244: 'argument': conversion from 'float' to 'int', possible loss of data
C:\Users\santa\source\repos\Project Noctra\Project Noctra\main.cpp(488,33): warning C4244: 'argument': conversion from 'float' to 'int', possible loss of data
C:\Users\santa\source\repos\Project Noctra\Project Noctra\main.cpp(498,33): warning C4244: 'argument': conversion from 'float' to 'int', possible loss of data
C:\Users\santa\source\repos\Project Noctra\Project Noctra\main.cpp(501,33): warning C4244: 'argument': conversion from 'float' to 'int', possible loss of data
C:\Users\santa\source\repos\Project Noctra\Project Noctra\main.cpp(510,33): warning C4244: 'argument': conversion from 'float' to 'int', possible loss of data
C:\Users\santa\source\repos\Project Noctra\Project Noctra\main.cpp(513,33): warning C4244: 'argument': conversion from 'float' to 'int', possible loss of data
C:\Users\santa\source\repos\Project Noctra\Project Noctra\main.cpp(522,33): warning C4244: 'argument': conversion from 'float' to 'int', possible loss of data
C:\Users\santa\source\repos\Project Noctra\Project Noctra\main.cpp(525,33): warning C4244: 'argument': conversion from 'float' to 'int', possible loss of data
C:\Users\santa\source\repos\Project Noctra\Project Noctra\main.cpp(529,29): warning C4244: 'argument': conversion from 'float' to 'int', possible loss of data
LINK : warning LNK4075: ignoring '/INCREMENTAL' due to '/LTCG' specification
  Generating code
C:\Users\santa\source\repos\Project Noctra\Project Noctra\Window.cpp(86): warning C4715: 'Window::Initialise': not all control paths return a value
  115 of 618 functions (18.6%) were compiled, the rest were copied from previous compilation.
    15 functions were new in current compilation
    10 functions had inline decision re-evaluated but remain unchanged
  Finished generating code
  Project Noctra.vcxproj -> C:\Users\santa\source\repos\Project Noctra\Release\Project Noctra.exe
